2021-12-17 23:33:56.654  INFO 55034 --- [main] c.g.d.DoldolseoMsaAreaApplication        : Starting DoldolseoMsaAreaApplication using Java 1.8.0_281 on GyeongGyeong.local with PID 55034 (/Users/gimgyeong-il/IdeaProjects/doldolseo_msa_area/build/classes/java/main started by gimgyeong-il in /Users/gimgyeong-il/IdeaProjects/doldolseo_msa_area)
2021-12-17 23:33:56.657  INFO 55034 --- [main] c.g.d.DoldolseoMsaAreaApplication        : No active profile set, falling back to default profiles: default
2021-12-17 23:33:57.431  INFO 55034 --- [main] .s.d.r.c.RepositoryConfigurationDelegate : Bootstrapping Spring Data JPA repositories in DEFAULT mode.
2021-12-17 23:33:57.517  INFO 55034 --- [main] .s.d.r.c.RepositoryConfigurationDelegate : Finished Spring Data repository scanning in 76 ms. Found 1 JPA repository interfaces.
2021-12-17 23:33:58.032  INFO 55034 --- [main] o.s.b.w.embedded.tomcat.TomcatWebServer  : Tomcat initialized with port(s): 8080 (http)
2021-12-17 23:33:58.039  INFO 55034 --- [main] o.apache.catalina.core.StandardService   : Starting service [Tomcat]
2021-12-17 23:33:58.039  INFO 55034 --- [main] org.apache.catalina.core.StandardEngine  : Starting Servlet engine: [Apache Tomcat/9.0.55]
2021-12-17 23:33:58.129  INFO 55034 --- [main] o.a.c.c.C.[.[localhost].[/doldolseo]     : Initializing Spring embedded WebApplicationContext
2021-12-17 23:33:58.129  INFO 55034 --- [main] w.s.c.ServletWebServerApplicationContext : Root WebApplicationContext: initialization completed in 1423 ms
2021-12-17 23:33:58.287  INFO 55034 --- [main] com.zaxxer.hikari.HikariDataSource       : HikariPool-1 - Starting...
2021-12-17 23:33:58.392  INFO 55034 --- [main] com.zaxxer.hikari.HikariDataSource       : HikariPool-1 - Start completed.
2021-12-17 23:33:58.428  INFO 55034 --- [main] o.hibernate.jpa.internal.util.LogHelper  : HHH000204: Processing PersistenceUnitInfo [name: default]
2021-12-17 23:33:58.459  INFO 55034 --- [main] org.hibernate.Version                    : HHH000412: Hibernate ORM core version 5.6.1.Final
2021-12-17 23:33:58.634  INFO 55034 --- [main] o.hibernate.annotations.common.Version   : HCANN000001: Hibernate Commons Annotations {5.1.2.Final}
2021-12-17 23:33:58.697  INFO 55034 --- [main] org.hibernate.dialect.Dialect            : HHH000400: Using dialect: org.hibernate.dialect.MySQLDialect
2021-12-17 23:33:58.999  INFO 55034 --- [main] o.h.e.t.j.p.i.JtaPlatformInitiator       : HHH000490: Using JtaPlatform implementation: [org.hibernate.engine.transaction.jta.platform.internal.NoJtaPlatform]
2021-12-17 23:33:59.005  INFO 55034 --- [main] j.LocalContainerEntityManagerFactoryBean : Initialized JPA EntityManagerFactory for persistence unit 'default'
2021-12-17 23:33:59.402  WARN 55034 --- [main] JpaBaseConfiguration$JpaWebConfiguration : spring.jpa.open-in-view is enabled by default. Therefore, database queries may be performed during view rendering. Explicitly configure spring.jpa.open-in-view to disable this warning
2021-12-17 23:33:59.779  INFO 55034 --- [main] o.s.b.w.embedded.tomcat.TomcatWebServer  : Tomcat started on port(s): 8080 (http) with context path '/doldolseo'
2021-12-17 23:33:59.795  INFO 55034 --- [main] c.g.d.DoldolseoMsaAreaApplication        : Started DoldolseoMsaAreaApplication in 3.612 seconds (JVM running for 4.262)
2021-12-17 23:34:23.174  INFO 55034 --- [http-nio-8080-exec-3] o.a.c.c.C.[.[localhost].[/doldolseo]     : Initializing Spring DispatcherServlet 'dispatcherServlet'
2021-12-17 23:34:23.175  INFO 55034 --- [http-nio-8080-exec-3] o.s.web.servlet.DispatcherServlet        : Initializing Servlet 'dispatcherServlet'
2021-12-17 23:34:23.178  INFO 55034 --- [http-nio-8080-exec-3] o.s.web.servlet.DispatcherServlet        : Completed initialization in 3 ms
